<?xml version="1.0" encoding="UTF-8"?>
<testng-results ignored="1" total="3" passed="2" failed="0" skipped="0">
  <reporter-output>
  </reporter-output>
  <suite started-at="2022-10-16T22:07:29 IST" name="Westfield Salesforce Application - SIT Regression" finished-at="2022-10-16T22:08:17 IST" duration-ms="47831">
    <groups>
    </groups>
    <test started-at="2022-10-16T22:07:29 IST" name="LoginPageTest" finished-at="2022-10-16T22:08:17 IST" duration-ms="47831">
      <class name="com.salesforce.automation.Westfield.LoginPage">
        <test-method is-config="true" signature="browserSetup()[pri:0, instance:com.salesforce.automation.Westfield.LoginPage@3c7f66c4]" started-at="2022-10-16T22:07:29 IST" name="browserSetup" finished-at="2022-10-16T22:07:44 IST" duration-ms="14187" status="PASS">
          <reporter-output>
          </reporter-output>
        </test-method> <!-- browserSetup -->
        <test-method signature="loginPageTest()[pri:0, instance:com.salesforce.automation.Westfield.LoginPage@3c7f66c4]" started-at="2022-10-16T22:07:44 IST" name="loginPageTest" finished-at="2022-10-16T22:07:48 IST" duration-ms="4445" status="PASS">
          <reporter-output>
          </reporter-output>
        </test-method> <!-- loginPageTest -->
      </class> <!-- com.salesforce.automation.Westfield.LoginPage -->
      <class name="com.salesforce.automation.Westfield.LeadCreationTest">
        <test-method signature="createNewLeadTest()[pri:0, instance:com.salesforce.automation.Westfield.LeadCreationTest@6404f418]" started-at="2022-10-16T22:07:48 IST" name="createNewLeadTest" finished-at="2022-10-16T22:08:17 IST" duration-ms="29134" status="PASS">
          <reporter-output>
          </reporter-output>
        </test-method> <!-- createNewLeadTest -->
      </class> <!-- com.salesforce.automation.Westfield.LeadCreationTest -->
    </test> <!-- LoginPageTest -->
  </suite> <!-- Westfield Salesforce Application - SIT Regression -->
</testng-results>
