<?xml version="1.0" encoding="UTF-8"?>
<testng-results ignored="1" total="3" passed="2" failed="0" skipped="0">
  <reporter-output>
  </reporter-output>
  <suite started-at="2022-10-16T19:05:00 IST" name="Westfield Salesforce Application - SIT Regression" finished-at="2022-10-16T19:06:07 IST" duration-ms="66944">
    <groups>
    </groups>
    <test started-at="2022-10-16T19:05:00 IST" name="LoginPageTest" finished-at="2022-10-16T19:06:07 IST" duration-ms="66944">
      <class name="com.salesforce.automation.Westfield.LoginPage">
        <test-method is-config="true" signature="browserSetup()[pri:0, instance:com.salesforce.automation.Westfield.LoginPage@4803b726]" started-at="2022-10-16T19:05:00 IST" name="browserSetup" finished-at="2022-10-16T19:05:23 IST" duration-ms="23071" status="PASS">
          <reporter-output>
          </reporter-output>
        </test-method> <!-- browserSetup -->
        <test-method signature="loginPageTest()[pri:0, instance:com.salesforce.automation.Westfield.LoginPage@4803b726]" started-at="2022-10-16T19:05:23 IST" name="loginPageTest" finished-at="2022-10-16T19:05:28 IST" duration-ms="5162" status="PASS">
          <reporter-output>
          </reporter-output>
        </test-method> <!-- loginPageTest -->
      </class> <!-- com.salesforce.automation.Westfield.LoginPage -->
      <class name="com.salesforce.automation.Westfield.LeadCreationTest">
        <test-method signature="createNewLeadTest()[pri:0, instance:com.salesforce.automation.Westfield.LeadCreationTest@31fa1761]" started-at="2022-10-16T19:05:28 IST" name="createNewLeadTest" finished-at="2022-10-16T19:06:07 IST" duration-ms="38646" status="PASS">
          <reporter-output>
          </reporter-output>
        </test-method> <!-- createNewLeadTest -->
      </class> <!-- com.salesforce.automation.Westfield.LeadCreationTest -->
    </test> <!-- LoginPageTest -->
  </suite> <!-- Westfield Salesforce Application - SIT Regression -->
</testng-results>
