<?xml version="1.0" encoding="UTF-8"?>
<!-- Generated by org.testng.reporters.JUnitXMLReporter -->
<testsuite ignored="1" hostname="TI11784-BLR-L" failures="0" tests="2" name="LoginPageTest" time="33.387" errors="0" timestamp="2023-01-04T12:07:58 IST">
  <testcase classname="com.salesforce.automation.Westfield.LoginPage" name="loginPageTest" time="13.323"/>
  <testcase classname="com.salesforce.automation.Westfield.LeadCreationTest" name="createNewLeadTest" time="10.766"/>
  <testcase classname="com.salesforce.automation.Westfield.BrowserConfiguration" name="@BeforeTest browserSetup" time="0.0">
    <ignored/>
  </testcase> <!-- @BeforeTest browserSetup -->
</testsuite> <!-- LoginPageTest -->
