<?xml version="1.0" encoding="UTF-8"?>
<!-- Generated by org.testng.reporters.JUnitXMLReporter -->
<testsuite ignored="1" hostname="TI11784-BLR-L" failures="0" tests="2" name="LoginPageTest" time="47.831" errors="0" timestamp="2022-10-16T22:08:17 IST">
  <testcase classname="com.salesforce.automation.Westfield.LoginPage" name="loginPageTest" time="4.445"/>
  <testcase classname="com.salesforce.automation.Westfield.LeadCreationTest" name="createNewLeadTest" time="29.134"/>
  <testcase classname="com.salesforce.automation.Westfield.BrowserConfiguration" name="@BeforeTest browserSetup" time="0.0">
    <ignored/>
  </testcase> <!-- @BeforeTest browserSetup -->
</testsuite> <!-- LoginPageTest -->
